=== Installation Started (Authoritative Config Mode) ===
>>> [STEP:INIT] Initializing Deployment...
>>> [STEP:UPLOAD] Uploading Core Files...
Uploading /app/PowerMTA.rpm to /tmp/PowerMTA.rpm...
--- Upload /app/PowerMTA.rpm Success ---
Uploading /app/pmtad to /tmp/pmtad...
--- Upload /app/pmtad Success ---
Uploading /app/pmtahttpd to /tmp/pmtahttpd...
--- Upload /app/pmtahttpd Success ---
Uploading /app/license to /tmp/license...
--- Upload /app/license Success ---
>>> [STEP:INSTALL] Checking PowerMTA Installation...
Running PowerMTA Installer...
Uploading /tmp/tmpn4o192x8.sh to /root/pmta-install.sh...
--- Upload /tmp/tmpn4o192x8.sh Success ---
--- Set Execute Permission ---

--- Run PMTA Installer ---
Running PMTA installer for tommorrow-loan.com (192.119.169.10)
Last metadata expiration check: 0:02:27 ago on Mon 02 Feb 2026 06:10:03 AM UTC.
Package curl-7.61.1-34.el8_10.2.x86_64 is already installed.
Package wget-1.19.5-12.el8_10.x86_64 is already installed.
Package openssl-1:1.1.1k-12.el8_9.x86_64 is already installed.
Package bind-utils-32:9.11.36-16.el8_10.2.x86_64 is already installed.
Package nmap-ncat-2:7.92-1.el8.x86_64 is already installed.
Package ca-certificates-2023.2.60_v7.0.306-80.0.el8_8.noarch is already installed.
Package initscripts-10.00.18-1.el8.x86_64 is already installed.
Dependencies resolved.
================================================================================
 Package           Arch     Version                           Repository   Size
================================================================================
Upgrading:
 bind-libs         x86_64   32:9.11.36-16.el8_10.6            appstream   176 k
 bind-libs-lite    x86_64   32:9.11.36-16.el8_10.6            appstream   1.2 M
 bind-license      noarch   32:9.11.36-16.el8_10.6            appstream   105 k
 bind-utils        x86_64   32:9.11.36-16.el8_10.6            appstream   453 k
 ca-certificates   noarch   2025.2.80_v9.0.304-80.2.el8_10    baseos      1.0 M
 curl              x86_64   7.61.1-34.el8_10.9                baseos      354 k
 initscripts       x86_64   10.00.19-1.el8_10                 baseos      339 k
 libcurl           x86_64   7.61.1-34.el8_10.9                baseos      304 k
 network-scripts   x86_64   10.00.19-1.el8_10                 baseos      196 k
 nmap-ncat         x86_64   2:7.92-2.el8_10                   appstream   242 k
 openssl           x86_64   1:1.1.1k-14.el8_10.0.1            baseos      710 k
 openssl-libs      x86_64   1:1.1.1k-14.el8_10.0.1            baseos      1.5 M
 python3-bind      noarch   32:9.11.36-16.el8_10.6            appstream   152 k

Transaction Summary
================================================================================
Upgrade  13 Packages

Total download size: 6.6 M
Downloading Packages:
(1/13): bind-libs-9.11.36-16.el8_10.6.x86_64.rp 1.1 MB/s | 176 kB     00:00    
(2/13): bind-license-9.11.36-16.el8_10.6.noarch 525 kB/s | 105 kB     00:00    
(3/13): bind-libs-lite-9.11.36-16.el8_10.6.x86_ 4.5 MB/s | 1.2 MB     00:00    
(4/13): bind-utils-9.11.36-16.el8_10.6.x86_64.r 2.7 MB/s | 453 kB     00:00    
(5/13): python3-bind-9.11.36-16.el8_10.6.noarch 1.6 MB/s | 152 kB     00:00    
(6/13): nmap-ncat-7.92-2.el8_10.x86_64.rpm      1.2 MB/s | 242 kB     00:00    
(7/13): initscripts-10.00.19-1.el8_10.x86_64.rp 593 kB/s | 339 kB     00:00    
(8/13): curl-7.61.1-34.el8_10.9.x86_64.rpm      524 kB/s | 354 kB     00:00    
(9/13): ca-certificates-2025.2.80_v9.0.304-80.2 1.3 MB/s | 1.0 MB     00:00    
(10/13): libcurl-7.61.1-34.el8_10.9.x86_64.rpm  1.8 MB/s | 304 kB     00:00    
(11/13): network-scripts-10.00.19-1.el8_10.x86_ 1.2 MB/s | 196 kB     00:00    
(12/13): openssl-1.1.1k-14.el8_10.0.1.x86_64.rp 3.5 MB/s | 710 kB     00:00    
(13/13): openssl-libs-1.1.1k-14.el8_10.0.1.x86_ 4.5 MB/s | 1.5 MB     00:00    
--------------------------------------------------------------------------------
Total                                           4.0 MB/s | 6.6 MB     00:01     
Running transaction check
Transaction check succeeded.
Running transaction test
Transaction test succeeded.
Running transaction
  Preparing        :                                                        1/1 
  Running scriptlet: bind-license-32:9.11.36-16.el8_10.6.noarch             1/1 
  Upgrading        : bind-license-32:9.11.36-16.el8_10.6.noarch            1/26 
  Upgrading        : python3-bind-32:9.11.36-16.el8_10.6.noarch            2/26 
  Upgrading        : initscripts-10.00.19-1.el8_10.x86_64                  3/26 
  Running scriptlet: initscripts-10.00.19-1.el8_10.x86_64                  3/26 
  Running scriptlet: ca-certificates-2025.2.80_v9.0.304-80.2.el8_10.noa    4/26 
  Upgrading        : ca-certificates-2025.2.80_v9.0.304-80.2.el8_10.noa    4/26 
  Running scriptlet: ca-certificates-2025.2.80_v9.0.304-80.2.el8_10.noa    4/26 
  Upgrading        : openssl-libs-1:1.1.1k-14.el8_10.0.1.x86_64            5/26 
  Running scriptlet: openssl-libs-1:1.1.1k-14.el8_10.0.1.x86_64            5/26 
  Upgrading        : bind-libs-lite-32:9.11.36-16.el8_10.6.x86_64          6/26 
  Upgrading        : bind-libs-32:9.11.36-16.el8_10.6.x86_64               7/26 
  Upgrading        : libcurl-7.61.1-34.el8_10.9.x86_64                     8/26 
  Upgrading        : curl-7.61.1-34.el8_10.9.x86_64                        9/26 
  Upgrading        : bind-utils-32:9.11.36-16.el8_10.6.x86_64             10/26 
  Upgrading        : nmap-ncat-2:7.92-2.el8_10.x86_64                     11/26 
  Running scriptlet: nmap-ncat-2:7.92-2.el8_10.x86_64                     11/26 
  Upgrading        : openssl-1:1.1.1k-14.el8_10.0.1.x86_64                12/26 
  Upgrading        : network-scripts-10.00.19-1.el8_10.x86_64             13/26 
  Running scriptlet: network-scripts-10.00.19-1.el8_10.x86_64             13/26 
  Cleanup          : bind-utils-32:9.11.36-16.el8_10.2.x86_64             14/26 
  Cleanup          : openssl-1:1.1.1k-12.el8_9.x86_64                     15/26 
  Cleanup          : bind-libs-32:9.11.36-16.el8_10.2.x86_64              16/26 
  Cleanup          : bind-libs-lite-32:9.11.36-16.el8_10.2.x86_64         17/26 
  Cleanup          : curl-7.61.1-34.el8_10.2.x86_64                       18/26 
  Cleanup          : libcurl-7.61.1-34.el8_10.2.x86_64                    19/26 
  Cleanup          : nmap-ncat-2:7.92-1.el8.x86_64                        20/26 
  Running scriptlet: nmap-ncat-2:7.92-1.el8.x86_64                        20/26 
  Cleanup          : python3-bind-32:9.11.36-16.el8_10.2.noarch           21/26 
  Cleanup          : openssl-libs-1:1.1.1k-12.el8_9.x86_64                22/26 
  Running scriptlet: openssl-libs-1:1.1.1k-12.el8_9.x86_64                22/26 
  Running scriptlet: network-scripts-10.00.18-1.el8.x86_64                23/26 
  Cleanup          : network-scripts-10.00.18-1.el8.x86_64                23/26 
  Cleanup          : ca-certificates-2023.2.60_v7.0.306-80.0.el8_8.noar   24/26 
  Cleanup          : bind-license-32:9.11.36-16.el8_10.2.noarch           25/26 
  Running scriptlet: initscripts-10.00.18-1.el8.x86_64                    26/26 
  Cleanup          : initscripts-10.00.18-1.el8.x86_64                    26/26 
  Running scriptlet: initscripts-10.00.18-1.el8.x86_64                    26/26 
  Running scriptlet: ca-certificates-2025.2.80_v9.0.304-80.2.el8_10.noa   26/26 
  Running scriptlet: initscripts-10.00.18-1.el8.x86_64                    26/26 
  Verifying        : bind-libs-32:9.11.36-16.el8_10.6.x86_64               1/26 
  Verifying        : bind-libs-32:9.11.36-16.el8_10.2.x86_64               2/26 
  Verifying        : bind-libs-lite-32:9.11.36-16.el8_10.6.x86_64          3/26 
  Verifying        : bind-libs-lite-32:9.11.36-16.el8_10.2.x86_64          4/26 
  Verifying        : bind-license-32:9.11.36-16.el8_10.6.noarch            5/26 
  Verifying        : bind-license-32:9.11.36-16.el8_10.2.noarch            6/26 
  Verifying        : bind-utils-32:9.11.36-16.el8_10.6.x86_64              7/26 
  Verifying        : bind-utils-32:9.11.36-16.el8_10.2.x86_64              8/26 
  Verifying        : nmap-ncat-2:7.92-2.el8_10.x86_64                      9/26 
  Verifying        : nmap-ncat-2:7.92-1.el8.x86_64                        10/26 
  Verifying        : python3-bind-32:9.11.36-16.el8_10.6.noarch           11/26 
  Verifying        : python3-bind-32:9.11.36-16.el8_10.2.noarch           12/26 
  Verifying        : ca-certificates-2025.2.80_v9.0.304-80.2.el8_10.noa   13/26 
  Verifying        : ca-certificates-2023.2.60_v7.0.306-80.0.el8_8.noar   14/26 
  Verifying        : curl-7.61.1-34.el8_10.9.x86_64                       15/26 
  Verifying        : curl-7.61.1-34.el8_10.2.x86_64                       16/26 
  Verifying        : initscripts-10.00.19-1.el8_10.x86_64                 17/26 
  Verifying        : initscripts-10.00.18-1.el8.x86_64                    18/26 
  Verifying        : libcurl-7.61.1-34.el8_10.9.x86_64                    19/26 
  Verifying        : libcurl-7.61.1-34.el8_10.2.x86_64                    20/26 
  Verifying        : network-scripts-10.00.19-1.el8_10.x86_64             21/26 
  Verifying        : network-scripts-10.00.18-1.el8.x86_64                22/26 
  Verifying        : openssl-1:1.1.1k-14.el8_10.0.1.x86_64                23/26 
  Verifying        : openssl-1:1.1.1k-12.el8_9.x86_64                     24/26 
  Verifying        : openssl-libs-1:1.1.1k-14.el8_10.0.1.x86_64           25/26 
  Verifying        : openssl-libs-1:1.1.1k-12.el8_9.x86_64                26/26 

Upgraded:
  bind-libs-32:9.11.36-16.el8_10.6.x86_64                                       
  bind-libs-lite-32:9.11.36-16.el8_10.6.x86_64                                  
  bind-license-32:9.11.36-16.el8_10.6.noarch                                    
  bind-utils-32:9.11.36-16.el8_10.6.x86_64                                      
  ca-certificates-2025.2.80_v9.0.304-80.2.el8_10.noarch                         
  curl-7.61.1-34.el8_10.9.x86_64                                                
  initscripts-10.00.19-1.el8_10.x86_64                                          
  libcurl-7.61.1-34.el8_10.9.x86_64                                             
  network-scripts-10.00.19-1.el8_10.x86_64                                      
  nmap-ncat-2:7.92-2.el8_10.x86_64                                              
  openssl-1:1.1.1k-14.el8_10.0.1.x86_64                                         
  openssl-libs-1:1.1.1k-14.el8_10.0.1.x86_64                                    
  python3-bind-32:9.11.36-16.el8_10.6.noarch                                    

Complete!
Setting hostname to tommorrow-loan.com
Adding /etc/hosts entry
Installing Perl dependencies for PowerMTA
Last metadata expiration check: 0:02:47 ago on Mon 02 Feb 2026 06:10:03 AM UTC.
Dependencies resolved.
================================================================================================
 Package                        Arch    Version                                 Repo        Size
================================================================================================
Installing:
 perl                           x86_64  4:5.26.3-423.el8_10                     appstream   72 k
Installing dependencies:
 dwz                            x86_64  0.12-10.el8                             appstream  108 k
 efi-srpm-macros                noarch  3-3.el8                                 appstream   21 k
 ghc-srpm-macros                noarch  1.4.2-7.el8                             appstream  8.3 k
 go-srpm-macros                 noarch  2-17.el8                                appstream   12 k
 make                           x86_64  1:4.2.1-11.el8                          baseos     497 k
 ocaml-srpm-macros              noarch  5-4.el8                                 appstream  8.3 k
 openblas-srpm-macros           noarch  2-2.el8                                 appstream  6.9 k
 perl-Algorithm-Diff            noarch  1.1903-9.el8                            baseos      51 k
 perl-Archive-Tar               noarch  2.30-1.el8                              baseos      78 k
 perl-Archive-Zip               noarch  1.60-3.el8                              appstream  107 k
 perl-Attribute-Handlers        noarch  0.99-423.el8_10                         appstream   88 k
 perl-B-Debug                   noarch  1.26-2.el8                              appstream   25 k
 perl-CPAN                      noarch  2.18-402.el8_10                         appstream  574 k
 perl-CPAN-Meta                 noarch  2.150010-396.el8                        appstream  190 k
 perl-CPAN-Meta-Requirements    noarch  2.140-396.el8                           appstream   36 k
 perl-CPAN-Meta-YAML            noarch  0.018-397.el8                           appstream   32 k
 perl-Carp                      noarch  1.42-396.el8                            baseos      29 k
 perl-Compress-Bzip2            x86_64  2.26-6.el8                              appstream   71 k
 perl-Compress-Raw-Bzip2        x86_64  2.081-1.el8                             baseos      39 k
 perl-Compress-Raw-Zlib         x86_64  2.081-1.el8                             baseos      67 k
 perl-Config-Perl-V             noarch  0.30-1.el8                              appstream   21 k
 perl-DB_File                   x86_64  1.842-1.el8                             appstream   82 k
 perl-Data-Dumper               x86_64  2.167-399.el8                           baseos      57 k
 perl-Data-OptList              noarch  0.110-6.el8                             appstream   30 k
 perl-Data-Section              noarch  0.200007-3.el8                          appstream   29 k
 perl-Devel-PPPort              x86_64  3.36-5.el8                              appstream  117 k
 perl-Devel-Peek                x86_64  1.26-423.el8_10                         appstream   93 k
 perl-Devel-SelfStubber         noarch  1.06-423.el8_10                         appstream   75 k
 perl-Devel-Size                x86_64  0.81-2.el8                              appstream   33 k
 perl-Digest                    noarch  1.17-395.el8                            appstream   26 k
 perl-Digest-MD5                x86_64  2.55-396.el8                            appstream   36 k
 perl-Digest-SHA                x86_64  1:6.02-1.el8                            appstream   65 k
 perl-Encode                    x86_64  4:2.97-3.el8                            baseos     1.5 M
 perl-Encode-devel              x86_64  4:2.97-3.el8                            appstream   38 k
 perl-Env                       noarch  1.04-395.el8                            appstream   20 k
 perl-Errno                     x86_64  1.28-423.el8_10                         baseos      76 k
 perl-Exporter                  noarch  5.72-396.el8                            baseos      33 k
 perl-ExtUtils-CBuilder         noarch  1:0.280230-2.el8                        appstream   47 k
 perl-ExtUtils-Command          noarch  1:7.34-1.el8                            appstream   18 k
 perl-ExtUtils-Embed            noarch  1.34-423.el8_10                         appstream   79 k
 perl-ExtUtils-Install          noarch  2.14-4.el8                              appstream   45 k
 perl-ExtUtils-MM-Utils         noarch  1:7.34-1.el8                            appstream   15 k
 perl-ExtUtils-MakeMaker        noarch  1:7.34-1.el8                            appstream  299 k
 perl-ExtUtils-Manifest         noarch  1.70-395.el8                            appstream   35 k
 perl-ExtUtils-Miniperl         noarch  1.06-423.el8_10                         appstream   76 k
 perl-ExtUtils-ParseXS          noarch  1:3.35-2.el8                            appstream   82 k
 perl-File-Fetch                noarch  0.56-2.el8                              appstream   32 k
 perl-File-HomeDir              noarch  1.002-4.el8                             appstream   60 k
 perl-File-Path                 noarch  2.15-2.el8                              baseos      37 k
 perl-File-Temp                 noarch  0.230.600-1.el8                         baseos      62 k
 perl-File-Which                noarch  1.22-2.el8                              appstream   22 k
 perl-Filter                    x86_64  2:1.58-2.el8                            appstream   81 k
 perl-Filter-Simple             noarch  0.94-2.el8                              appstream   28 k
 perl-Getopt-Long               noarch  1:2.50-4.el8                            baseos      62 k
 perl-HTTP-Tiny                 noarch  0.074-3.el8                             baseos      58 k
 perl-IO                        x86_64  1.38-423.el8_10                         baseos     141 k
 perl-IO-Compress               noarch  2.081-1.el8                             baseos     257 k
 perl-IO-Socket-IP              noarch  0.39-5.el8                              appstream   46 k
 perl-IO-Socket-SSL             noarch  2.066-4.module+el8.9.0+1517+e71a7a62    appstream  297 k
 perl-IO-Zlib                   noarch  1:1.10-423.el8_10                       baseos      80 k
 perl-IPC-Cmd                   noarch  2:1.02-1.el8                            appstream   42 k
 perl-IPC-SysV                  x86_64  2.07-397.el8                            appstream   42 k
 perl-IPC-System-Simple         noarch  1.25-17.el8                             appstream   42 k
 perl-JSON-PP                   noarch  1:2.97.001-3.el8                        appstream   67 k
 perl-Locale-Codes              noarch  3.57-1.el8                              appstream  310 k
 perl-Locale-Maketext           noarch  1.28-396.el8                            appstream   98 k
 perl-Locale-Maketext-Simple    noarch  1:0.21-423.el8_10                       appstream   78 k
 perl-MIME-Base64               x86_64  3.15-396.el8                            baseos      30 k
 perl-MRO-Compat                noarch  0.13-4.el8                              appstream   23 k
 perl-Math-BigInt               noarch  1:1.9998.11-7.el8                       baseos     194 k
 perl-Math-BigInt-FastCalc      x86_64  0.500.600-6.el8                         appstream   26 k
 perl-Math-BigRat               noarch  0.2614-1.el8                            appstream   39 k
 perl-Math-Complex              noarch  1.59-423.el8_10                         baseos     108 k
 perl-Memoize                   noarch  1.03-423.el8_10                         appstream  118 k
 perl-Module-Build              noarch  2:0.42.24-5.el8                         appstream  273 k
 perl-Module-CoreList           noarch  1:5.20181130-1.el8                      appstream   86 k
 perl-Module-CoreList-tools     noarch  1:5.20181130-1.el8                      appstream   21 k
 perl-Module-Load               noarch  1:0.32-395.el8                          appstream   18 k
 perl-Module-Load-Conditional   noarch  0.68-395.el8                            appstream   23 k
 perl-Module-Loaded             noarch  1:0.08-423.el8_10                       appstream   74 k
 perl-Module-Metadata           noarch  1.000033-395.el8                        appstream   43 k
 perl-Mozilla-CA                noarch  20160104-7.module+el8.9.0+1521+0101edce appstream   14 k
 perl-Net-Ping                  noarch  2.55-423.el8_10                         appstream  101 k
 perl-Net-SSLeay                x86_64  1.88-2.module+el8.9.0+1517+e71a7a62     appstream  378 k
 perl-Package-Generator         noarch  1.106-11.el8                            appstream   26 k
 perl-Params-Check              noarch  1:0.38-395.el8                          appstream   22 k
 perl-Params-Util               x86_64  1.07-22.el8                             appstream   43 k
 perl-PathTools                 x86_64  3.74-1.el8                              baseos      89 k
 perl-Perl-OSType               noarch  1.010-396.el8                           appstream   28 k
 perl-PerlIO-via-QuotedPrint    noarch  0.08-395.el8                            appstream   12 k
 perl-Pod-Checker               noarch  4:1.73-395.el8                          appstream   32 k
 perl-Pod-Escapes               noarch  1:1.07-395.el8                          baseos      19 k
 perl-Pod-Html                  noarch  1.22.02-423.el8_10                      appstream   87 k
 perl-Pod-Parser                noarch  1.63-396.el8                            appstream  107 k
 perl-Pod-Perldoc               noarch  3.28-396.el8                            baseos      85 k
 perl-Pod-Simple                noarch  1:3.35-395.el8                          baseos     212 k
 perl-Pod-Usage                 noarch  4:1.69-395.el8                          baseos      33 k
 perl-Scalar-List-Utils         x86_64  3:1.49-2.el8                            baseos      67 k
 perl-SelfLoader                noarch  1.23-423.el8_10                         appstream   83 k
 perl-Socket                    x86_64  4:2.027-3.el8                           baseos      58 k
 perl-Software-License          noarch  0.103013-2.el8                          appstream  137 k
 perl-Storable                  x86_64  1:3.11-3.el8                            baseos      97 k
 perl-Sub-Exporter              noarch  0.987-15.el8                            appstream   72 k
 perl-Sub-Install               noarch  0.928-14.el8                            appstream   26 k
 perl-Sys-Syslog                x86_64  0.35-397.el8                            appstream   49 k
 perl-Term-ANSIColor            noarch  4.06-396.el8                            baseos      45 k
 perl-Term-Cap                  noarch  1.17-395.el8                            baseos      22 k
 perl-Test                      noarch  1.30-423.el8_10                         appstream   89 k
 perl-Test-Harness              noarch  1:3.42-1.el8                            appstream  278 k
 perl-Test-Simple               noarch  1:1.302135-1.el8                        appstream  515 k
 perl-Text-Balanced             noarch  2.03-395.el8                            appstream   57 k
 perl-Text-Diff                 noarch  1.45-2.el8                              baseos      44 k
 perl-Text-Glob                 noarch  0.11-4.el8                              appstream   16 k
 perl-Text-ParseWords           noarch  3.30-395.el8                            baseos      17 k
 perl-Text-Tabs+Wrap            noarch  2013.0523-395.el8                       baseos      23 k
 perl-Text-Template             noarch  1.51-1.el8                              appstream   63 k
 perl-Thread-Queue              noarch  3.13-1.el8                              appstream   23 k
 perl-Time-HiRes                x86_64  4:1.9758-2.el8                          appstream   60 k
 perl-Time-Local                noarch  1:1.280-1.el8                           baseos      32 k
 perl-Time-Piece                x86_64  1.31-423.el8_10                         appstream   98 k
 perl-URI                       noarch  1.73-3.el8                              appstream  115 k
 perl-Unicode-Collate           x86_64  1.25-2.el8                              appstream  684 k
 perl-Unicode-Normalize         x86_64  1.25-396.el8                            baseos      81 k
 perl-autodie                   noarch  2.29-396.el8                            appstream   97 k
 perl-bignum                    noarch  0.49-2.el8                              appstream   42 k
 perl-constant                  noarch  1.33-396.el8                            baseos      24 k
 perl-devel                     x86_64  4:5.26.3-423.el8_10                     appstream  599 k
 perl-encoding                  x86_64  4:2.22-3.el8                            appstream   67 k
 perl-experimental              noarch  0.019-2.el8                             appstream   23 k
 perl-inc-latest                noarch  2:0.500-9.el8                           appstream   24 k
 perl-interpreter               x86_64  4:5.26.3-423.el8_10                     baseos     6.3 M
 perl-libnet                    noarch  3.11-3.el8                              appstream  120 k
 perl-libnetcfg                 noarch  4:5.26.3-423.el8_10                     appstream   77 k
 perl-libs                      x86_64  4:5.26.3-423.el8_10                     baseos     1.6 M
 perl-local-lib                 noarch  2.000024-2.el8                          appstream   73 k
 perl-macros                    x86_64  4:5.26.3-423.el8_10                     baseos      72 k
 perl-open                      noarch  1.11-423.el8_10                         appstream   77 k
 perl-parent                    noarch  1:0.237-1.el8                           baseos      19 k
 perl-perlfaq                   noarch  5.20180605-1.el8                        appstream  385 k
 perl-podlators                 noarch  4.11-1.el8                              baseos     117 k
 perl-srpm-macros               noarch  1-25.el8                                appstream  9.7 k
 perl-threads                   x86_64  1:2.21-2.el8                            baseos      60 k
 perl-threads-shared            x86_64  1.58-2.el8                              baseos      47 k
 perl-utils                     noarch  5.26.3-423.el8_10                       appstream  128 k
 perl-version                   x86_64  6:0.99.24-1.el8                         appstream   66 k
 python-rpm-macros              noarch  3-45.el8                                appstream   15 k
 python-srpm-macros             noarch  3-45.el8                                appstream   15 k
 python3-pyparsing              noarch  2.1.10-7.el8                            baseos     140 k
 python3-rpm-macros             noarch  3-45.el8                                appstream   14 k
 qt5-srpm-macros                noarch  5.15.3-1.el8                            appstream  9.5 k
 redhat-rpm-config              noarch  131-1.el8                               appstream   90 k
 rust-srpm-macros               noarch  5-2.el8                                 appstream  8.2 k
 systemtap-sdt-devel            x86_64  4.9-3.el8                               appstream   87 k
Installing weak dependencies:
 perl-Encode-Locale             noarch  1.05-10.module+el8.9.0+1521+0101edce    appstream   21 k
 perl-TermReadKey               x86_64  2.37-7.el8                              appstream   39 k
Enabling module streams:
 perl                                   5.26                                                    
 perl-IO-Socket-SSL                     2.066                                                   
 perl-libwww-perl                       6.34                                                    

Transaction Summary
================================================================================================
Install  156 Packages

Total download size: 22 M
Installed size: 63 M
Downloading Packages:
(1/156): ghc-srpm-macros-1.4.2-7.el8.noarch.rpm  36 kB/s | 8.3 kB     00:00    
(2/156): efi-srpm-macros-3-3.el8.noarch.rpm      78 kB/s |  21 kB     00:00    
(3/156): go-srpm-macros-2-17.el8.noarch.rpm     116 kB/s |  12 kB     00:00    
(4/156): ocaml-srpm-macros-5-4.el8.noarch.rpm    91 kB/s | 8.3 kB     00:00    
(5/156): dwz-0.12-10.el8.x86_64.rpm             283 kB/s | 108 kB     00:00    
(6/156): openblas-srpm-macros-2-2.el8.noarch.rp  52 kB/s | 6.9 kB     00:00    
(7/156): perl-Archive-Zip-1.60-3.el8.noarch.rpm 331 kB/s | 107 kB     00:00    
(8/156): perl-5.26.3-423.el8_10.x86_64.rpm      181 kB/s |  72 kB     00:00    
(9/156): perl-B-Debug-1.26-2.el8.noarch.rpm     271 kB/s |  25 kB     00:00    
(10/156): perl-Attribute-Handlers-0.99-423.el8_ 253 kB/s |  88 kB     00:00    
(11/156): perl-CPAN-Meta-Requirements-2.140-396 309 kB/s |  36 kB     00:00    
(12/156): perl-CPAN-Meta-2.150010-396.el8.noarc 1.2 MB/s | 190 kB     00:00    
(13/156): perl-CPAN-2.18-402.el8_10.noarch.rpm  2.3 MB/s | 574 kB     00:00    
(14/156): perl-CPAN-Meta-YAML-0.018-397.el8.noa 302 kB/s |  32 kB     00:00    
(15/156): perl-Compress-Bzip2-2.26-6.el8.x86_64 476 kB/s |  71 kB     00:00    
(16/156): perl-Config-Perl-V-0.30-1.el8.noarch. 169 kB/s |  21 kB     00:00    
(17/156): perl-DB_File-1.842-1.el8.x86_64.rpm   761 kB/s |  82 kB     00:00    
(18/156): perl-Data-OptList-0.110-6.el8.noarch. 332 kB/s |  30 kB     00:00    
(19/156): perl-Data-Section-0.200007-3.el8.noar 322 kB/s |  29 kB     00:00    
(20/156): perl-Devel-PPPort-3.36-5.el8.x86_64.r 1.1 MB/s | 117 kB     00:00    
(21/156): perl-Devel-Peek-1.26-423.el8_10.x86_6 937 kB/s |  93 kB     00:00    
(22/156): perl-Devel-SelfStubber-1.06-423.el8_1 907 kB/s |  75 kB     00:00    
(23/156): perl-Devel-Size-0.81-2.el8.x86_64.rpm 366 kB/s |  33 kB     00:00    
(24/156): perl-Digest-1.17-395.el8.noarch.rpm   284 kB/s |  26 kB     00:00    
(25/156): perl-Digest-MD5-2.55-396.el8.x86_64.r 394 kB/s |  36 kB     00:00    
(26/156): perl-Digest-SHA-6.02-1.el8.x86_64.rpm 785 kB/s |  65 kB     00:00    
(27/156): perl-Encode-Locale-1.05-10.module+el8 248 kB/s |  21 kB     00:00    
(28/156): perl-Encode-devel-2.97-3.el8.x86_64.r 377 kB/s |  38 kB     00:00    
(29/156): perl-Env-1.04-395.el8.noarch.rpm      132 kB/s |  20 kB     00:00    
(30/156): perl-ExtUtils-Command-7.34-1.el8.noar 144 kB/s |  18 kB     00:00    
(31/156): perl-ExtUtils-CBuilder-0.280230-2.el8 248 kB/s |  47 kB     00:00    
(32/156): perl-ExtUtils-Embed-1.34-423.el8_10.n 752 kB/s |  79 kB     00:00    
(33/156): perl-ExtUtils-Install-2.14-4.el8.noar 418 kB/s |  45 kB     00:00    
(34/156): perl-ExtUtils-MM-Utils-7.34-1.el8.noa 116 kB/s |  15 kB     00:00    
(35/156): perl-ExtUtils-Manifest-1.70-395.el8.n 286 kB/s |  35 kB     00:00    
(36/156): perl-ExtUtils-Miniperl-1.06-423.el8_1 711 kB/s |  76 kB     00:00    
(37/156): perl-ExtUtils-MakeMaker-7.34-1.el8.no 1.2 MB/s | 299 kB     00:00    
(38/156): perl-ExtUtils-ParseXS-3.35-2.el8.noar 661 kB/s |  82 kB     00:00    
(39/156): perl-File-Fetch-0.56-2.el8.noarch.rpm 255 kB/s |  32 kB     00:00    
(40/156): perl-File-HomeDir-1.002-4.el8.noarch. 486 kB/s |  60 kB     00:00    
(41/156): perl-File-Which-1.22-2.el8.noarch.rpm 180 kB/s |  22 kB     00:00    
(42/156): perl-Filter-1.58-2.el8.x86_64.rpm     558 kB/s |  81 kB     00:00    
(43/156): perl-Filter-Simple-0.94-2.el8.noarch. 175 kB/s |  28 kB     00:00    
(44/156): perl-IO-Socket-IP-0.39-5.el8.noarch.r 306 kB/s |  46 kB     00:00    
(45/156): perl-IO-Socket-SSL-2.066-4.module+el8 2.3 MB/s | 297 kB     00:00    
(46/156): perl-IPC-Cmd-1.02-1.el8.noarch.rpm    364 kB/s |  42 kB     00:00    
(47/156): perl-IPC-SysV-2.07-397.el8.x86_64.rpm 359 kB/s |  42 kB     00:00    
(48/156): perl-IPC-System-Simple-1.25-17.el8.no 386 kB/s |  42 kB     00:00    
(49/156): perl-JSON-PP-2.97.001-3.el8.noarch.rp 620 kB/s |  67 kB     00:00    
(50/156): perl-Locale-Maketext-1.28-396.el8.noa 1.0 MB/s |  98 kB     00:00    
(51/156): perl-Locale-Codes-3.57-1.el8.noarch.r 1.8 MB/s | 310 kB     00:00    
(52/156): perl-Locale-Maketext-Simple-0.21-423. 632 kB/s |  78 kB     00:00    
(53/156): perl-MRO-Compat-0.13-4.el8.noarch.rpm 186 kB/s |  23 kB     00:00    
(54/156): perl-Math-BigInt-FastCalc-0.500.600-6 222 kB/s |  26 kB     00:00    
(55/156): perl-Math-BigRat-0.2614-1.el8.noarch. 147 kB/s |  39 kB     00:00    
(56/156): perl-Memoize-1.03-423.el8_10.noarch.r 472 kB/s | 118 kB     00:00    
(57/156): perl-Module-Build-0.42.24-5.el8.noarc 1.0 MB/s | 273 kB     00:00    
(58/156): perl-Module-CoreList-5.20181130-1.el8 741 kB/s |  86 kB     00:00    
(59/156): perl-Module-CoreList-tools-5.20181130 182 kB/s |  21 kB     00:00    
(60/156): perl-Module-Load-0.32-395.el8.noarch. 151 kB/s |  18 kB     00:00    
(61/156): perl-Module-Load-Conditional-0.68-395 200 kB/s |  23 kB     00:00    
(62/156): perl-Module-Loaded-0.08-423.el8_10.no 596 kB/s |  74 kB     00:00    
(63/156): perl-Module-Metadata-1.000033-395.el8 172 kB/s |  43 kB     00:00    
(64/156): perl-Mozilla-CA-20160104-7.module+el8  54 kB/s |  14 kB     00:00    
(65/156): perl-Net-Ping-2.55-423.el8_10.noarch. 380 kB/s | 101 kB     00:00    
(66/156): perl-Net-SSLeay-1.88-2.module+el8.9.0 2.7 MB/s | 378 kB     00:00    
(67/156): perl-Package-Generator-1.106-11.el8.n 224 kB/s |  26 kB     00:00    
(68/156): perl-Params-Check-0.38-395.el8.noarch 209 kB/s |  22 kB     00:00    
(69/156): perl-Params-Util-1.07-22.el8.x86_64.r 401 kB/s |  43 kB     00:00    
(70/156): perl-Perl-OSType-1.010-396.el8.noarch 182 kB/s |  28 kB     00:00    
(71/156): perl-PerlIO-via-QuotedPrint-0.08-395.  56 kB/s |  12 kB     00:00    
(72/156): perl-Pod-Checker-1.73-395.el8.noarch. 141 kB/s |  32 kB     00:00    
(73/156): perl-Pod-Html-1.22.02-423.el8_10.noar 490 kB/s |  87 kB     00:00    
(74/156): perl-Pod-Parser-1.63-396.el8.noarch.r 968 kB/s | 107 kB     00:00    
(75/156): perl-SelfLoader-1.23-423.el8_10.noarc 829 kB/s |  83 kB     00:00    
(76/156): perl-Software-License-0.103013-2.el8. 1.2 MB/s | 137 kB     00:00    
(77/156): perl-Sub-Exporter-0.987-15.el8.noarch 618 kB/s |  72 kB     00:00    
(78/156): perl-Sub-Install-0.928-14.el8.noarch. 221 kB/s |  26 kB     00:00    
(79/156): perl-Sys-Syslog-0.35-397.el8.x86_64.r 392 kB/s |  49 kB     00:00    
(80/156): perl-TermReadKey-2.37-7.el8.x86_64.rp 248 kB/s |  39 kB     00:00    
(81/156): perl-Test-1.30-423.el8_10.noarch.rpm  539 kB/s |  89 kB     00:00    
(82/156): perl-Test-Harness-3.42-1.el8.noarch.r 1.7 MB/s | 278 kB     00:00    
(83/156): perl-Text-Balanced-2.03-395.el8.noarc 626 kB/s |  57 kB     00:00    
(84/156): perl-Text-Glob-0.11-4.el8.noarch.rpm  197 kB/s |  16 kB     00:00    
(85/156): perl-Text-Template-1.51-1.el8.noarch. 263 kB/s |  63 kB     00:00    
(86/156): perl-Thread-Queue-3.13-1.el8.noarch.r  91 kB/s |  23 kB     00:00    
(87/156): perl-Time-HiRes-1.9758-2.el8.x86_64.r 658 kB/s |  60 kB     00:00    
(88/156): perl-Test-Simple-1.302135-1.el8.noarc 998 kB/s | 515 kB     00:00    
(89/156): perl-Time-Piece-1.31-423.el8_10.x86_6 735 kB/s |  98 kB     00:00    
(90/156): perl-URI-1.73-3.el8.noarch.rpm        926 kB/s | 115 kB     00:00    
(91/156): perl-autodie-2.29-396.el8.noarch.rpm  1.3 MB/s |  97 kB     00:00    
(92/156): perl-Unicode-Collate-1.25-2.el8.x86_6 4.2 MB/s | 684 kB     00:00    
(93/156): perl-bignum-0.49-2.el8.noarch.rpm     427 kB/s |  42 kB     00:00    
(94/156): perl-devel-5.26.3-423.el8_10.x86_64.r 4.4 MB/s | 599 kB     00:00    
(95/156): perl-experimental-0.019-2.el8.noarch. 275 kB/s |  23 kB     00:00    
(96/156): perl-encoding-2.22-3.el8.x86_64.rpm   507 kB/s |  67 kB     00:00    
(97/156): perl-inc-latest-0.500-9.el8.noarch.rp 365 kB/s |  24 kB     00:00    
(98/156): perl-libnet-3.11-3.el8.noarch.rpm     1.6 MB/s | 120 kB     00:00    
(99/156): perl-libnetcfg-5.26.3-423.el8_10.noar 1.0 MB/s |  77 kB     00:00    
(100/156): perl-local-lib-2.000024-2.el8.noarch 801 kB/s |  73 kB     00:00    
(101/156): perl-open-1.11-423.el8_10.noarch.rpm 773 kB/s |  77 kB     00:00    
(102/156): perl-perlfaq-5.20180605-1.el8.noarch 3.2 MB/s | 385 kB     00:00    
(103/156): perl-srpm-macros-1-25.el8.noarch.rpm  98 kB/s | 9.7 kB     00:00    
(104/156): perl-utils-5.26.3-423.el8_10.noarch. 1.3 MB/s | 128 kB     00:00    
(105/156): perl-version-0.99.24-1.el8.x86_64.rp 728 kB/s |  66 kB     00:00    
(106/156): python-rpm-macros-3-45.el8.noarch.rp 163 kB/s |  15 kB     00:00    
(107/156): python-srpm-macros-3-45.el8.noarch.r 165 kB/s |  15 kB     00:00    
(108/156): python3-rpm-macros-3-45.el8.noarch.r 217 kB/s |  14 kB     00:00    
(109/156): qt5-srpm-macros-5.15.3-1.el8.noarch. 145 kB/s | 9.5 kB     00:00    
(110/156): redhat-rpm-config-131-1.el8.noarch.r 771 kB/s |  90 kB     00:00    
(111/156): rust-srpm-macros-5-2.el8.noarch.rpm   70 kB/s | 8.2 kB     00:00    
(112/156): systemtap-sdt-devel-4.9-3.el8.x86_64 618 kB/s |  87 kB     00:00    
(113/156): perl-Algorithm-Diff-1.1903-9.el8.noa 190 kB/s |  51 kB     00:00    
(114/156): perl-Archive-Tar-2.30-1.el8.noarch.r 260 kB/s |  78 kB     00:00    
(115/156): perl-Carp-1.42-396.el8.noarch.rpm    321 kB/s |  29 kB     00:00    
(116/156): make-4.2.1-11.el8.x86_64.rpm         1.1 MB/s | 497 kB     00:00    
(117/156): perl-Compress-Raw-Bzip2-2.081-1.el8. 398 kB/s |  39 kB     00:00    
(118/156): perl-Compress-Raw-Zlib-2.081-1.el8.x 505 kB/s |  67 kB     00:00    
(119/156): perl-Data-Dumper-2.167-399.el8.x86_6 539 kB/s |  57 kB     00:00    
(120/156): perl-Errno-1.28-423.el8_10.x86_64.rp 1.0 MB/s |  76 kB     00:00    
(121/156): perl-Exporter-5.72-396.el8.noarch.rp 483 kB/s |  33 kB     00:00    
(122/156): perl-File-Path-2.15-2.el8.noarch.rpm 497 kB/s |  37 kB     00:00    
(123/156): perl-File-Temp-0.230.600-1.el8.noarc 825 kB/s |  62 kB     00:00    
(124/156): perl-Getopt-Long-2.50-4.el8.noarch.r 678 kB/s |  62 kB     00:00    
(125/156): perl-HTTP-Tiny-0.074-3.el8.noarch.rp 873 kB/s |  58 kB     00:00    
(126/156): perl-Encode-2.97-3.el8.x86_64.rpm    2.6 MB/s | 1.5 MB     00:00    
(127/156): perl-IO-1.38-423.el8_10.x86_64.rpm   405 kB/s | 141 kB     00:00    
(128/156): perl-IO-Compress-2.081-1.el8.noarch. 718 kB/s | 257 kB     00:00    
(129/156): perl-IO-Zlib-1.10-423.el8_10.noarch. 813 kB/s |  80 kB     00:00    
(130/156): perl-MIME-Base64-3.15-396.el8.x86_64 448 kB/s |  30 kB     00:00    
(131/156): perl-Math-BigInt-1.9998.11-7.el8.noa 1.2 MB/s | 194 kB     00:00    
(132/156): perl-PathTools-3.74-1.el8.x86_64.rpm 334 kB/s |  89 kB     00:00    
(133/156): perl-Math-Complex-1.59-423.el8_10.no 342 kB/s | 108 kB     00:00    
(134/156): perl-Pod-Escapes-1.07-395.el8.noarch 105 kB/s |  19 kB     00:00    
(135/156): perl-Pod-Perldoc-3.28-396.el8.noarch 1.1 MB/s |  85 kB     00:00    
(136/156): perl-Pod-Simple-3.35-395.el8.noarch. 2.8 MB/s | 212 kB     00:00    
(137/156): perl-Pod-Usage-1.69-395.el8.noarch.r 402 kB/s |  33 kB     00:00    
(138/156): perl-Scalar-List-Utils-1.49-2.el8.x8 808 kB/s |  67 kB     00:00    
(139/156): perl-Socket-2.027-3.el8.x86_64.rpm   774 kB/s |  58 kB     00:00    
(140/156): perl-Storable-3.11-3.el8.x86_64.rpm  1.1 MB/s |  97 kB     00:00    
(141/156): perl-Term-ANSIColor-4.06-396.el8.noa 679 kB/s |  45 kB     00:00    
(142/156): perl-Term-Cap-1.17-395.el8.noarch.rp 292 kB/s |  22 kB     00:00    
(143/156): perl-Text-Diff-1.45-2.el8.noarch.rpm 484 kB/s |  44 kB     00:00    
(144/156): perl-Text-ParseWords-3.30-395.el8.no 226 kB/s |  17 kB     00:00    
(145/156): perl-Text-Tabs+Wrap-2013.0523-395.el 308 kB/s |  23 kB     00:00    
(146/156): perl-Time-Local-1.280-1.el8.noarch.r 279 kB/s |  32 kB     00:00    
(147/156): perl-constant-1.33-396.el8.noarch.rp 266 kB/s |  24 kB     00:00    
(148/156): perl-Unicode-Normalize-1.25-396.el8. 649 kB/s |  81 kB     00:00    
(149/156): perl-macros-5.26.3-423.el8_10.x86_64 1.1 MB/s |  72 kB     00:00    
(150/156): perl-parent-0.237-1.el8.noarch.rpm   287 kB/s |  19 kB     00:00    
(151/156): perl-libs-5.26.3-423.el8_10.x86_64.r 6.2 MB/s | 1.6 MB     00:00    
(152/156): perl-podlators-4.11-1.el8.noarch.rpm 1.0 MB/s | 117 kB     00:00    
(153/156): perl-threads-2.21-2.el8.x86_64.rpm   810 kB/s |  60 kB     00:00    
(154/156): perl-threads-shared-1.58-2.el8.x86_6 706 kB/s |  47 kB     00:00    
(155/156): python3-pyparsing-2.1.10-7.el8.noarc 1.4 MB/s | 140 kB     00:00    
(156/156): perl-interpreter-5.26.3-423.el8_10.x 9.2 MB/s | 6.3 MB     00:00    
--------------------------------------------------------------------------------
Total                                           2.8 MB/s |  22 MB     00:08     
Running transaction check
Transaction check succeeded.
Running transaction test
Transaction test succeeded.
Running transaction
  Preparing        :                                                        1/1 
  Installing       : perl-Digest-1.17-395.el8.noarch                      1/156 
  Installing       : perl-Digest-MD5-2.55-396.el8.x86_64                  2/156 
  Installing       : perl-Data-Dumper-2.167-399.el8.x86_64                3/156 
  Installing       : perl-libnet-3.11-3.el8.noarch                        4/156 
  Installing       : perl-URI-1.73-3.el8.noarch                           5/156 
  Installing       : perl-Pod-Escapes-1:1.07-395.el8.noarch               6/156 
  Installing       : perl-Net-SSLeay-1.88-2.module+el8.9.0+1517+e71a7     7/156 
  Installing       : perl-Mozilla-CA-20160104-7.module+el8.9.0+1521+0     8/156 
  Installing       : perl-IO-Socket-IP-0.39-5.el8.noarch                  9/156 
  Installing       : perl-Time-Local-1:1.280-1.el8.noarch                10/156 
  Installing       : perl-IO-Socket-SSL-2.066-4.module+el8.9.0+1517+e    11/156 
  Installing       : perl-Term-ANSIColor-4.06-396.el8.noarch             12/156 
  Installing       : perl-Term-Cap-1.17-395.el8.noarch                   13/156 
  Installing       : perl-File-Temp-0.230.600-1.el8.noarch               14/156 
  Installing       : perl-Pod-Simple-1:3.35-395.el8.noarch               15/156 
  Installing       : perl-HTTP-Tiny-0.074-3.el8.noarch                   16/156 
  Installing       : perl-podlators-4.11-1.el8.noarch                    17/156 
  Installing       : perl-Pod-Perldoc-3.28-396.el8.noarch                18/156 
  Installing       : perl-Text-ParseWords-3.30-395.el8.noarch            19/156 
  Installing       : perl-Pod-Usage-4:1.69-395.el8.noarch                20/156 
  Installing       : perl-MIME-Base64-3.15-396.el8.x86_64                21/156 
  Installing       : perl-Storable-1:3.11-3.el8.x86_64                   22/156 
  Installing       : perl-Getopt-Long-1:2.50-4.el8.noarch                23/156 
  Installing       : perl-Errno-1.28-423.el8_10.x86_64                   24/156 
  Installing       : perl-Socket-4:2.027-3.el8.x86_64                    25/156 
  Installing       : perl-Encode-4:2.97-3.el8.x86_64                     26/156 
  Installing       : perl-Carp-1.42-396.el8.noarch                       27/156 
  Installing       : perl-Exporter-5.72-396.el8.noarch                   28/156 
  Installing       : perl-libs-4:5.26.3-423.el8_10.x86_64                29/156 
  Installing       : perl-Scalar-List-Utils-3:1.49-2.el8.x86_64          30/156 
  Installing       : perl-parent-1:0.237-1.el8.noarch                    31/156 
  Installing       : perl-macros-4:5.26.3-423.el8_10.x86_64              32/156 
  Installing       : perl-Text-Tabs+Wrap-2013.0523-395.el8.noarch        33/156 
  Installing       : perl-Unicode-Normalize-1.25-396.el8.x86_64          34/156 
  Installing       : perl-File-Path-2.15-2.el8.noarch                    35/156 
  Installing       : perl-IO-1.38-423.el8_10.x86_64                      36/156 
  Installing       : perl-PathTools-3.74-1.el8.x86_64                    37/156 
  Installing       : perl-constant-1.33-396.el8.noarch                   38/156 
  Installing       : perl-threads-1:2.21-2.el8.x86_64                    39/156 
  Installing       : perl-threads-shared-1.58-2.el8.x86_64               40/156 
  Installing       : perl-interpreter-4:5.26.3-423.el8_10.x86_64         41/156 
  Installing       : perl-version-6:0.99.24-1.el8.x86_64                 42/156 
  Installing       : perl-Time-HiRes-4:1.9758-2.el8.x86_64               43/156 
  Installing       : perl-CPAN-Meta-Requirements-2.140-396.el8.noarch    44/156 
  Installing       : perl-ExtUtils-Manifest-1.70-395.el8.noarch          45/156 
  Installing       : perl-ExtUtils-ParseXS-1:3.35-2.el8.noarch           46/156 
  Installing       : perl-Test-Harness-1:3.42-1.el8.noarch               47/156 
  Installing       : perl-Module-CoreList-1:5.20181130-1.el8.noarch      48/156 
  Installing       : perl-Module-Metadata-1.000033-395.el8.noarch        49/156 
  Installing       : perl-Filter-2:1.58-2.el8.x86_64                     50/156 
  Installing       : perl-SelfLoader-1.23-423.el8_10.noarch              51/156 
  Installing       : perl-Compress-Raw-Zlib-2.081-1.el8.x86_64           52/156 
  Installing       : perl-Module-Load-1:0.32-395.el8.noarch              53/156 
  Installing       : perl-Perl-OSType-1.010-396.el8.noarch               54/156 
  Installing       : python-srpm-macros-3-45.el8.noarch                  55/156 
  Installing       : perl-Text-Balanced-2.03-395.el8.noarch              56/156 
  Installing       : perl-encoding-4:2.22-3.el8.x86_64                   57/156 
  Installing       : perl-Net-Ping-2.55-423.el8_10.noarch                58/156 
  Installing       : perl-CPAN-Meta-YAML-0.018-397.el8.noarch            59/156 
  Installing       : perl-Digest-SHA-1:6.02-1.el8.x86_64                 60/156 
  Installing       : perl-ExtUtils-Command-1:7.34-1.el8.noarch           61/156 
  Installing       : perl-Locale-Maketext-1.28-396.el8.noarch            62/156 
  Installing       : perl-Locale-Maketext-Simple-1:0.21-423.el8_10.no    63/156 
  Installing       : perl-Params-Check-1:0.38-395.el8.noarch             64/156 
  Installing       : perl-Module-Load-Conditional-0.68-395.el8.noarch    65/156 
  Installing       : perl-Params-Util-1.07-22.el8.x86_64                 66/156 
  Installing       : perl-Pod-Html-1.22.02-423.el8_10.noarch             67/156 
  Installing       : perl-Sub-Install-0.928-14.el8.noarch                68/156 
  Installing       : perl-Compress-Raw-Bzip2-2.081-1.el8.x86_64          69/156 
  Installing       : perl-IO-Compress-2.081-1.el8.noarch                 70/156 
  Installing       : perl-IO-Zlib-1:1.10-423.el8_10.noarch               71/156 
  Installing       : perl-Math-Complex-1.59-423.el8_10.noarch            72/156 
  Installing       : perl-Math-BigInt-1:1.9998.11-7.el8.noarch           73/156 
  Installing       : perl-JSON-PP-1:2.97.001-3.el8.noarch                74/156 
  Installing       : perl-CPAN-Meta-2.150010-396.el8.noarch              75/156 
  Installing       : perl-Math-BigRat-0.2614-1.el8.noarch                76/156 
  Installing       : perl-bignum-0.49-2.el8.noarch                       77/156 
  Installing       : perl-Math-BigInt-FastCalc-0.500.600-6.el8.x86_64    78/156 
  Installing       : perl-Data-OptList-0.110-6.el8.noarch                79/156 
  Installing       : perl-open-1.11-423.el8_10.noarch                    80/156 
  Installing       : perl-Filter-Simple-0.94-2.el8.noarch                81/156 
  Installing       : python-rpm-macros-3-45.el8.noarch                   82/156 
  Installing       : python3-rpm-macros-3-45.el8.noarch                  83/156 
  Installing       : perl-Archive-Zip-1.60-3.el8.noarch                  84/156 
  Installing       : perl-Devel-SelfStubber-1.06-423.el8_10.noarch       85/156 
  Installing       : perl-Module-CoreList-tools-1:5.20181130-1.el8.no    86/156 
  Installing       : perl-experimental-0.019-2.el8.noarch                87/156 
  Installing       : perl-Attribute-Handlers-0.99-423.el8_10.noarch      88/156 
  Installing       : perl-B-Debug-1.26-2.el8.noarch                      89/156 
  Installing       : perl-Compress-Bzip2-2.26-6.el8.x86_64               90/156 
  Installing       : perl-Config-Perl-V-0.30-1.el8.noarch                91/156 
  Installing       : perl-DB_File-1.842-1.el8.x86_64                     92/156 
  Installing       : perl-Devel-PPPort-3.36-5.el8.x86_64                 93/156 
  Installing       : perl-Devel-Size-0.81-2.el8.x86_64                   94/156 
  Installing       : perl-Encode-Locale-1.05-10.module+el8.9.0+1521+0    95/156 
  Installing       : perl-Env-1.04-395.el8.noarch                        96/156 
  Installing       : perl-ExtUtils-MM-Utils-1:7.34-1.el8.noarch          97/156 
  Installing       : perl-IPC-Cmd-2:1.02-1.el8.noarch                    98/156 
  Installing       : perl-File-Fetch-0.56-2.el8.noarch                   99/156 
  Installing       : perl-IPC-SysV-2.07-397.el8.x86_64                  100/156 
  Installing       : perl-IPC-System-Simple-1.25-17.el8.noarch          101/156 
  Installing       : perl-autodie-2.29-396.el8.noarch                   102/156 
  Installing       : perl-Locale-Codes-3.57-1.el8.noarch                103/156 
  Installing       : perl-Memoize-1.03-423.el8_10.noarch                104/156 
  Installing       : perl-Module-Loaded-1:0.08-423.el8_10.noarch        105/156 
  Installing       : perl-Package-Generator-1.106-11.el8.noarch         106/156 
  Installing       : perl-Sub-Exporter-0.987-15.el8.noarch              107/156 
  Installing       : perl-Pod-Checker-4:1.73-395.el8.noarch             108/156 
  Installing       : perl-Pod-Parser-1.63-396.el8.noarch                109/156 
  Installing       : perl-Sys-Syslog-0.35-397.el8.x86_64                110/156 
  Installing       : perl-TermReadKey-2.37-7.el8.x86_64                 111/156 
  Installing       : perl-Test-1.30-423.el8_10.noarch                   112/156 
  Installing       : perl-Test-Simple-1:1.302135-1.el8.noarch           113/156 
  Installing       : perl-Text-Glob-0.11-4.el8.noarch                   114/156 
  Installing       : perl-Text-Template-1.51-1.el8.noarch               115/156 
  Installing       : perl-Time-Piece-1.31-423.el8_10.x86_64             116/156 
  Installing       : perl-Unicode-Collate-1.25-2.el8.x86_64             117/156 
  Installing       : perl-local-lib-2.000024-2.el8.noarch               118/156 
  Installing       : perl-utils-5.26.3-423.el8_10.noarch                119/156 
  Installing       : perl-Algorithm-Diff-1.1903-9.el8.noarch            120/156 
  Installing       : perl-Text-Diff-1.45-2.el8.noarch                   121/156 
  Installing       : perl-Archive-Tar-2.30-1.el8.noarch                 122/156 
  Installing       : perl-Thread-Queue-3.13-1.el8.noarch                123/156 
  Installing       : perl-File-Which-1.22-2.el8.noarch                  124/156 
  Installing       : perl-File-HomeDir-1.002-4.el8.noarch               125/156 
  Installing       : perl-Devel-Peek-1.26-423.el8_10.x86_64             126/156 
  Installing       : perl-MRO-Compat-0.13-4.el8.noarch                  127/156 
  Installing       : perl-Data-Section-0.200007-3.el8.noarch            128/156 
  Installing       : perl-Software-License-0.103013-2.el8.noarch        129/156 
  Installing       : perl-PerlIO-via-QuotedPrint-0.08-395.el8.noarch    130/156 
  Installing       : perl-perlfaq-5.20180605-1.el8.noarch               131/156 
  Installing       : python3-pyparsing-2.1.10-7.el8.noarch              132/156 
  Installing       : systemtap-sdt-devel-4.9-3.el8.x86_64               133/156 
  Installing       : make-1:4.2.1-11.el8.x86_64                         134/156 
  Running scriptlet: make-1:4.2.1-11.el8.x86_64                         134/156 
  Installing       : rust-srpm-macros-5-2.el8.noarch                    135/156 
  Installing       : qt5-srpm-macros-5.15.3-1.el8.noarch                136/156 
  Installing       : perl-srpm-macros-1-25.el8.noarch                   137/156 
  Installing       : openblas-srpm-macros-2-2.el8.noarch                138/156 
  Installing       : ocaml-srpm-macros-5-4.el8.noarch                   139/156 
  Installing       : go-srpm-macros-2-17.el8.noarch                     140/156 
  Installing       : ghc-srpm-macros-1.4.2-7.el8.noarch                 141/156 
  Installing       : efi-srpm-macros-3-3.el8.noarch                     142/156 
  Installing       : dwz-0.12-10.el8.x86_64                             143/156 
  Installing       : redhat-rpm-config-131-1.el8.noarch                 144/156 
  Installing       : perl-ExtUtils-Install-2.14-4.el8.noarch            145/156 
  Installing       : perl-devel-4:5.26.3-423.el8_10.x86_64              146/156 
  Installing       : perl-ExtUtils-MakeMaker-1:7.34-1.el8.noarch        147/156 
  Installing       : perl-ExtUtils-CBuilder-1:0.280230-2.el8.noarch     148/156 
  Installing       : perl-ExtUtils-Embed-1.34-423.el8_10.noarch         149/156 
  Installing       : perl-ExtUtils-Miniperl-1.06-423.el8_10.noarch      150/156 
  Installing       : perl-libnetcfg-4:5.26.3-423.el8_10.noarch          151/156 
  Installing       : perl-Encode-devel-4:2.97-3.el8.x86_64              152/156 
  Installing       : perl-inc-latest-2:0.500-9.el8.noarch               153/156 
  Installing       : perl-Module-Build-2:0.42.24-5.el8.noarch           154/156 
  Installing       : perl-CPAN-2.18-402.el8_10.noarch                   155/156 
  Installing       : perl-4:5.26.3-423.el8_10.x86_64                    156/156 
  Running scriptlet: perl-4:5.26.3-423.el8_10.x86_64                    156/156 
  Verifying        : dwz-0.12-10.el8.x86_64                               1/156 
  Verifying        : efi-srpm-macros-3-3.el8.noarch                       2/156 
  Verifying        : ghc-srpm-macros-1.4.2-7.el8.noarch                   3/156 
  Verifying        : go-srpm-macros-2-17.el8.noarch                       4/156 
  Verifying        : ocaml-srpm-macros-5-4.el8.noarch                     5/156 
  Verifying        : openblas-srpm-macros-2-2.el8.noarch                  6/156 
  Verifying        : perl-4:5.26.3-423.el8_10.x86_64                      7/156 
  Verifying        : perl-Archive-Zip-1.60-3.el8.noarch                   8/156 
  Verifying        : perl-Attribute-Handlers-0.99-423.el8_10.noarch       9/156 
  Verifying        : perl-B-Debug-1.26-2.el8.noarch                      10/156 
  Verifying        : perl-CPAN-2.18-402.el8_10.noarch                    11/156 
  Verifying        : perl-CPAN-Meta-2.150010-396.el8.noarch              12/156 
  Verifying        : perl-CPAN-Meta-Requirements-2.140-396.el8.noarch    13/156 
  Verifying        : perl-CPAN-Meta-YAML-0.018-397.el8.noarch            14/156 
  Verifying        : perl-Compress-Bzip2-2.26-6.el8.x86_64               15/156 
  Verifying        : perl-Config-Perl-V-0.30-1.el8.noarch                16/156 
  Verifying        : perl-DB_File-1.842-1.el8.x86_64                     17/156 
  Verifying        : perl-Data-OptList-0.110-6.el8.noarch                18/156 
  Verifying        : perl-Data-Section-0.200007-3.el8.noarch             19/156 
  Verifying        : perl-Devel-PPPort-3.36-5.el8.x86_64                 20/156 
  Verifying        : perl-Devel-Peek-1.26-423.el8_10.x86_64              21/156 
  Verifying        : perl-Devel-SelfStubber-1.06-423.el8_10.noarch       22/156 
  Verifying        : perl-Devel-Size-0.81-2.el8.x86_64                   23/156 
  Verifying        : perl-Digest-1.17-395.el8.noarch                     24/156 
  Verifying        : perl-Digest-MD5-2.55-396.el8.x86_64                 25/156 
  Verifying        : perl-Digest-SHA-1:6.02-1.el8.x86_64                 26/156 
  Verifying        : perl-Encode-Locale-1.05-10.module+el8.9.0+1521+0    27/156 
  Verifying        : perl-Encode-devel-4:2.97-3.el8.x86_64               28/156 
  Verifying        : perl-Env-1.04-395.el8.noarch                        29/156 
  Verifying        : perl-ExtUtils-CBuilder-1:0.280230-2.el8.noarch      30/156 
  Verifying        : perl-ExtUtils-Command-1:7.34-1.el8.noarch           31/156 
  Verifying        : perl-ExtUtils-Embed-1.34-423.el8_10.noarch          32/156 
  Verifying        : perl-ExtUtils-Install-2.14-4.el8.noarch             33/156 
  Verifying        : perl-ExtUtils-MM-Utils-1:7.34-1.el8.noarch          34/156 
  Verifying        : perl-ExtUtils-MakeMaker-1:7.34-1.el8.noarch         35/156 
  Verifying        : perl-ExtUtils-Manifest-1.70-395.el8.noarch          36/156 
  Verifying        : perl-ExtUtils-Miniperl-1.06-423.el8_10.noarch       37/156 
  Verifying        : perl-ExtUtils-ParseXS-1:3.35-2.el8.noarch           38/156 
  Verifying        : perl-File-Fetch-0.56-2.el8.noarch                   39/156 
  Verifying        : perl-File-HomeDir-1.002-4.el8.noarch                40/156 
  Verifying        : perl-File-Which-1.22-2.el8.noarch                   41/156 
  Verifying        : perl-Filter-2:1.58-2.el8.x86_64                     42/156 
  Verifying        : perl-Filter-Simple-0.94-2.el8.noarch                43/156 
  Verifying        : perl-IO-Socket-IP-0.39-5.el8.noarch                 44/156 
  Verifying        : perl-IO-Socket-SSL-2.066-4.module+el8.9.0+1517+e    45/156 
  Verifying        : perl-IPC-Cmd-2:1.02-1.el8.noarch                    46/156 
  Verifying        : perl-IPC-SysV-2.07-397.el8.x86_64                   47/156 
  Verifying        : perl-IPC-System-Simple-1.25-17.el8.noarch           48/156 
  Verifying        : perl-JSON-PP-1:2.97.001-3.el8.noarch                49/156 
  Verifying        : perl-Locale-Codes-3.57-1.el8.noarch                 50/156 
  Verifying        : perl-Locale-Maketext-1.28-396.el8.noarch            51/156 
  Verifying        : perl-Locale-Maketext-Simple-1:0.21-423.el8_10.no    52/156 
  Verifying        : perl-MRO-Compat-0.13-4.el8.noarch                   53/156 
  Verifying        : perl-Math-BigInt-FastCalc-0.500.600-6.el8.x86_64    54/156 
  Verifying        : perl-Math-BigRat-0.2614-1.el8.noarch                55/156 
  Verifying        : perl-Memoize-1.03-423.el8_10.noarch                 56/156 
  Verifying        : perl-Module-Build-2:0.42.24-5.el8.noarch            57/156 
  Verifying        : perl-Module-CoreList-1:5.20181130-1.el8.noarch      58/156 
  Verifying        : perl-Module-CoreList-tools-1:5.20181130-1.el8.no    59/156 
  Verifying        : perl-Module-Load-1:0.32-395.el8.noarch              60/156 
  Verifying        : perl-Module-Load-Conditional-0.68-395.el8.noarch    61/156 
  Verifying        : perl-Module-Loaded-1:0.08-423.el8_10.noarch         62/156 
  Verifying        : perl-Module-Metadata-1.000033-395.el8.noarch        63/156 
  Verifying        : perl-Mozilla-CA-20160104-7.module+el8.9.0+1521+0    64/156 
  Verifying        : perl-Net-Ping-2.55-423.el8_10.noarch                65/156 
  Verifying        : perl-Net-SSLeay-1.88-2.module+el8.9.0+1517+e71a7    66/156 
  Verifying        : perl-Package-Generator-1.106-11.el8.noarch          67/156 
  Verifying        : perl-Params-Check-1:0.38-395.el8.noarch             68/156 
  Verifying        : perl-Params-Util-1.07-22.el8.x86_64                 69/156 
  Verifying        : perl-Perl-OSType-1.010-396.el8.noarch               70/156 
  Verifying        : perl-PerlIO-via-QuotedPrint-0.08-395.el8.noarch     71/156 
  Verifying        : perl-Pod-Checker-4:1.73-395.el8.noarch              72/156 
  Verifying        : perl-Pod-Html-1.22.02-423.el8_10.noarch             73/156 
  Verifying        : perl-Pod-Parser-1.63-396.el8.noarch                 74/156 
  Verifying        : perl-SelfLoader-1.23-423.el8_10.noarch              75/156 
  Verifying        : perl-Software-License-0.103013-2.el8.noarch         76/156 
  Verifying        : perl-Sub-Exporter-0.987-15.el8.noarch               77/156 
  Verifying        : perl-Sub-Install-0.928-14.el8.noarch                78/156 
  Verifying        : perl-Sys-Syslog-0.35-397.el8.x86_64                 79/156 
  Verifying        : perl-TermReadKey-2.37-7.el8.x86_64                  80/156 
  Verifying        : perl-Test-1.30-423.el8_10.noarch                    81/156 
  Verifying        : perl-Test-Harness-1:3.42-1.el8.noarch               82/156 
  Verifying        : perl-Test-Simple-1:1.302135-1.el8.noarch            83/156 
  Verifying        : perl-Text-Balanced-2.03-395.el8.noarch              84/156 
  Verifying        : perl-Text-Glob-0.11-4.el8.noarch                    85/156 
  Verifying        : perl-Text-Template-1.51-1.el8.noarch                86/156 
  Verifying        : perl-Thread-Queue-3.13-1.el8.noarch                 87/156 
  Verifying        : perl-Time-HiRes-4:1.9758-2.el8.x86_64               88/156 
  Verifying        : perl-Time-Piece-1.31-423.el8_10.x86_64              89/156 
  Verifying        : perl-URI-1.73-3.el8.noarch                          90/156 
  Verifying        : perl-Unicode-Collate-1.25-2.el8.x86_64              91/156 
  Verifying        : perl-autodie-2.29-396.el8.noarch                    92/156 
  Verifying        : perl-bignum-0.49-2.el8.noarch                       93/156 
  Verifying        : perl-devel-4:5.26.3-423.el8_10.x86_64               94/156 
  Verifying        : perl-encoding-4:2.22-3.el8.x86_64                   95/156 
  Verifying        : perl-experimental-0.019-2.el8.noarch                96/156 
  Verifying        : perl-inc-latest-2:0.500-9.el8.noarch                97/156 
  Verifying        : perl-libnet-3.11-3.el8.noarch                       98/156 
  Verifying        : perl-libnetcfg-4:5.26.3-423.el8_10.noarch           99/156 
  Verifying        : perl-local-lib-2.000024-2.el8.noarch               100/156 
  Verifying        : perl-open-1.11-423.el8_10.noarch                   101/156 
  Verifying        : perl-perlfaq-5.20180605-1.el8.noarch               102/156 
  Verifying        : perl-srpm-macros-1-25.el8.noarch                   103/156 
  Verifying        : perl-utils-5.26.3-423.el8_10.noarch                104/156 
  Verifying        : perl-version-6:0.99.24-1.el8.x86_64                105/156 
  Verifying        : python-rpm-macros-3-45.el8.noarch                  106/156 
  Verifying        : python-srpm-macros-3-45.el8.noarch                 107/156 
  Verifying        : python3-rpm-macros-3-45.el8.noarch                 108/156 
  Verifying        : qt5-srpm-macros-5.15.3-1.el8.noarch                109/156 
  Verifying        : redhat-rpm-config-131-1.el8.noarch                 110/156 
  Verifying        : rust-srpm-macros-5-2.el8.noarch                    111/156 
  Verifying        : systemtap-sdt-devel-4.9-3.el8.x86_64               112/156 
  Verifying        : make-1:4.2.1-11.el8.x86_64                         113/156 
  Verifying        : perl-Algorithm-Diff-1.1903-9.el8.noarch            114/156 
  Verifying        : perl-Archive-Tar-2.30-1.el8.noarch                 115/156 
  Verifying        : perl-Carp-1.42-396.el8.noarch                      116/156 
  Verifying        : perl-Compress-Raw-Bzip2-2.081-1.el8.x86_64         117/156 
  Verifying        : perl-Compress-Raw-Zlib-2.081-1.el8.x86_64          118/156 
  Verifying        : perl-Data-Dumper-2.167-399.el8.x86_64              119/156 
  Verifying        : perl-Encode-4:2.97-3.el8.x86_64                    120/156 
  Verifying        : perl-Errno-1.28-423.el8_10.x86_64                  121/156 
  Verifying        : perl-Exporter-5.72-396.el8.noarch                  122/156 
  Verifying        : perl-File-Path-2.15-2.el8.noarch                   123/156 
  Verifying        : perl-File-Temp-0.230.600-1.el8.noarch              124/156 
  Verifying        : perl-Getopt-Long-1:2.50-4.el8.noarch               125/156 
  Verifying        : perl-HTTP-Tiny-0.074-3.el8.noarch                  126/156 
  Verifying        : perl-IO-1.38-423.el8_10.x86_64                     127/156 
  Verifying        : perl-IO-Compress-2.081-1.el8.noarch                128/156 
  Verifying        : perl-IO-Zlib-1:1.10-423.el8_10.noarch              129/156 
  Verifying        : perl-MIME-Base64-3.15-396.el8.x86_64               130/156 
  Verifying        : perl-Math-BigInt-1:1.9998.11-7.el8.noarch          131/156 
  Verifying        : perl-Math-Complex-1.59-423.el8_10.noarch           132/156 
  Verifying        : perl-PathTools-3.74-1.el8.x86_64                   133/156 
  Verifying        : perl-Pod-Escapes-1:1.07-395.el8.noarch             134/156 
  Verifying        : perl-Pod-Perldoc-3.28-396.el8.noarch               135/156 
  Verifying        : perl-Pod-Simple-1:3.35-395.el8.noarch              136/156 
  Verifying        : perl-Pod-Usage-4:1.69-395.el8.noarch               137/156 
  Verifying        : perl-Scalar-List-Utils-3:1.49-2.el8.x86_64         138/156 
  Verifying        : perl-Socket-4:2.027-3.el8.x86_64                   139/156 
  Verifying        : perl-Storable-1:3.11-3.el8.x86_64                  140/156 
  Verifying        : perl-Term-ANSIColor-4.06-396.el8.noarch            141/156 
  Verifying        : perl-Term-Cap-1.17-395.el8.noarch                  142/156 
  Verifying        : perl-Text-Diff-1.45-2.el8.noarch                   143/156 
  Verifying        : perl-Text-ParseWords-3.30-395.el8.noarch           144/156 
  Verifying        : perl-Text-Tabs+Wrap-2013.0523-395.el8.noarch       145/156 
  Verifying        : perl-Time-Local-1:1.280-1.el8.noarch               146/156 
  Verifying        : perl-Unicode-Normalize-1.25-396.el8.x86_64         147/156 
  Verifying        : perl-constant-1.33-396.el8.noarch                  148/156 
  Verifying        : perl-interpreter-4:5.26.3-423.el8_10.x86_64        149/156 
  Verifying        : perl-libs-4:5.26.3-423.el8_10.x86_64               150/156 
  Verifying        : perl-macros-4:5.26.3-423.el8_10.x86_64             151/156 
  Verifying        : perl-parent-1:0.237-1.el8.noarch                   152/156 
  Verifying        : perl-podlators-4.11-1.el8.noarch                   153/156 
  Verifying        : perl-threads-1:2.21-2.el8.x86_64                   154/156 
  Verifying        : perl-threads-shared-1.58-2.el8.x86_64              155/156 
  Verifying        : python3-pyparsing-2.1.10-7.el8.noarch              156/156 

Installed:
  dwz-0.12-10.el8.x86_64                                                        
  efi-srpm-macros-3-3.el8.noarch                                                
  ghc-srpm-macros-1.4.2-7.el8.noarch                                            
  go-srpm-macros-2-17.el8.noarch                                                
  make-1:4.2.1-11.el8.x86_64                                                    
  ocaml-srpm-macros-5-4.el8.noarch                                              
  openblas-srpm-macros-2-2.el8.noarch                                           
  perl-4:5.26.3-423.el8_10.x86_64                                               
  perl-Algorithm-Diff-1.1903-9.el8.noarch                                       
  perl-Archive-Tar-2.30-1.el8.noarch                                            
  perl-Archive-Zip-1.60-3.el8.noarch                                            
  perl-Attribute-Handlers-0.99-423.el8_10.noarch                                
  perl-B-Debug-1.26-2.el8.noarch                                                
  perl-CPAN-2.18-402.el8_10.noarch                                              
  perl-CPAN-Meta-2.150010-396.el8.noarch                                        
  perl-CPAN-Meta-Requirements-2.140-396.el8.noarch                              
  perl-CPAN-Meta-YAML-0.018-397.el8.noarch                                      
  perl-Carp-1.42-396.el8.noarch                                                 
  perl-Compress-Bzip2-2.26-6.el8.x86_64                                         
  perl-Compress-Raw-Bzip2-2.081-1.el8.x86_64                                    
  perl-Compress-Raw-Zlib-2.081-1.el8.x86_64                                     
  perl-Config-Perl-V-0.30-1.el8.noarch                                          
  perl-DB_File-1.842-1.el8.x86_64                                               
  perl-Data-Dumper-2.167-399.el8.x86_64                                         
  perl-Data-OptList-0.110-6.el8.noarch                                          
  perl-Data-Section-0.200007-3.el8.noarch                                       
  perl-Devel-PPPort-3.36-5.el8.x86_64                                           
  perl-Devel-Peek-1.26-423.el8_10.x86_64                                        
  perl-Devel-SelfStubber-1.06-423.el8_10.noarch                                 
  perl-Devel-Size-0.81-2.el8.x86_64                                             
  perl-Digest-1.17-395.el8.noarch                                               
  perl-Digest-MD5-2.55-396.el8.x86_64                                           
  perl-Digest-SHA-1:6.02-1.el8.x86_64                                           
  perl-Encode-4:2.97-3.el8.x86_64                                               
  perl-Encode-Locale-1.05-10.module+el8.9.0+1521+0101edce.noarch                
  perl-Encode-devel-4:2.97-3.el8.x86_64                                         
  perl-Env-1.04-395.el8.noarch                                                  
  perl-Errno-1.28-423.el8_10.x86_64                                             
  perl-Exporter-5.72-396.el8.noarch                                             
  perl-ExtUtils-CBuilder-1:0.280230-2.el8.noarch                                
  perl-ExtUtils-Command-1:7.34-1.el8.noarch                                     
  perl-ExtUtils-Embed-1.34-423.el8_10.noarch                                    
  perl-ExtUtils-Install-2.14-4.el8.noarch                                       
  perl-ExtUtils-MM-Utils-1:7.34-1.el8.noarch                                    
  perl-ExtUtils-MakeMaker-1:7.34-1.el8.noarch                                   
  perl-ExtUtils-Manifest-1.70-395.el8.noarch                                    
  perl-ExtUtils-Miniperl-1.06-423.el8_10.noarch                                 
  perl-ExtUtils-ParseXS-1:3.35-2.el8.noarch                                     
  perl-File-Fetch-0.56-2.el8.noarch                                             
  perl-File-HomeDir-1.002-4.el8.noarch                                          
  perl-File-Path-2.15-2.el8.noarch                                              
  perl-File-Temp-0.230.600-1.el8.noarch                                         
  perl-File-Which-1.22-2.el8.noarch                                             
  perl-Filter-2:1.58-2.el8.x86_64                                               
  perl-Filter-Simple-0.94-2.el8.noarch                                          
  perl-Getopt-Long-1:2.50-4.el8.noarch                                          
  perl-HTTP-Tiny-0.074-3.el8.noarch                                             
  perl-IO-1.38-423.el8_10.x86_64                                                
  perl-IO-Compress-2.081-1.el8.noarch                                           
  perl-IO-Socket-IP-0.39-5.el8.noarch                                           
  perl-IO-Socket-SSL-2.066-4.module+el8.9.0+1517+e71a7a62.noarch                
  perl-IO-Zlib-1:1.10-423.el8_10.noarch                                         
  perl-IPC-Cmd-2:1.02-1.el8.noarch                                              
  perl-IPC-SysV-2.07-397.el8.x86_64                                             
  perl-IPC-System-Simple-1.25-17.el8.noarch                                     
  perl-JSON-PP-1:2.97.001-3.el8.noarch                                          
  perl-Locale-Codes-3.57-1.el8.noarch                                           
  perl-Locale-Maketext-1.28-396.el8.noarch                                      
  perl-Locale-Maketext-Simple-1:0.21-423.el8_10.noarch                          
  perl-MIME-Base64-3.15-396.el8.x86_64                                          
  perl-MRO-Compat-0.13-4.el8.noarch                                             
  perl-Math-BigInt-1:1.9998.11-7.el8.noarch                                     
  perl-Math-BigInt-FastCalc-0.500.600-6.el8.x86_64                              
  perl-Math-BigRat-0.2614-1.el8.noarch                                          
  perl-Math-Complex-1.59-423.el8_10.noarch                                      
  perl-Memoize-1.03-423.el8_10.noarch                                           
  perl-Module-Build-2:0.42.24-5.el8.noarch                                      
  perl-Module-CoreList-1:5.20181130-1.el8.noarch                                
  perl-Module-CoreList-tools-1:5.20181130-1.el8.noarch                          
  perl-Module-Load-1:0.32-395.el8.noarch                                        
  perl-Module-Load-Conditional-0.68-395.el8.noarch                              
  perl-Module-Loaded-1:0.08-423.el8_10.noarch                                   
  perl-Module-Metadata-1.000033-395.el8.noarch                                  
  perl-Mozilla-CA-20160104-7.module+el8.9.0+1521+0101edce.noarch                
  perl-Net-Ping-2.55-423.el8_10.noarch                                          
  perl-Net-SSLeay-1.88-2.module+el8.9.0+1517+e71a7a62.x86_64                    
  perl-Package-Generator-1.106-11.el8.noarch                                    
  perl-Params-Check-1:0.38-395.el8.noarch                                       
  perl-Params-Util-1.07-22.el8.x86_64                                           
  perl-PathTools-3.74-1.el8.x86_64                                              
  perl-Perl-OSType-1.010-396.el8.noarch                                         
  perl-PerlIO-via-QuotedPrint-0.08-395.el8.noarch                               
  perl-Pod-Checker-4:1.73-395.el8.noarch                                        
  perl-Pod-Escapes-1:1.07-395.el8.noarch                                        
  perl-Pod-Html-1.22.02-423.el8_10.noarch                                       
  perl-Pod-Parser-1.63-396.el8.noarch                                           
  perl-Pod-Perldoc-3.28-396.el8.noarch                                          
  perl-Pod-Simple-1:3.35-395.el8.noarch                                         
  perl-Pod-Usage-4:1.69-395.el8.noarch                                          
  perl-Scalar-List-Utils-3:1.49-2.el8.x86_64                                    
  perl-SelfLoader-1.23-423.el8_10.noarch                                        
  perl-Socket-4:2.027-3.el8.x86_64                                              
  perl-Software-License-0.103013-2.el8.noarch                                   
  perl-Storable-1:3.11-3.el8.x86_64                                             
  perl-Sub-Exporter-0.987-15.el8.noarch                                         
  perl-Sub-Install-0.928-14.el8.noarch                                          
  perl-Sys-Syslog-0.35-397.el8.x86_64                                           
  perl-Term-ANSIColor-4.06-396.el8.noarch                                       
  perl-Term-Cap-1.17-395.el8.noarch                                             
  perl-TermReadKey-2.37-7.el8.x86_64                                            
  perl-Test-1.30-423.el8_10.noarch                                              
  perl-Test-Harness-1:3.42-1.el8.noarch                                         
  perl-Test-Simple-1:1.302135-1.el8.noarch                                      
  perl-Text-Balanced-2.03-395.el8.noarch                                        
  perl-Text-Diff-1.45-2.el8.noarch                                              
  perl-Text-Glob-0.11-4.el8.noarch                                              
  perl-Text-ParseWords-3.30-395.el8.noarch                                      
  perl-Text-Tabs+Wrap-2013.0523-395.el8.noarch                                  
  perl-Text-Template-1.51-1.el8.noarch                                          
  perl-Thread-Queue-3.13-1.el8.noarch                                           
  perl-Time-HiRes-4:1.9758-2.el8.x86_64                                         
  perl-Time-Local-1:1.280-1.el8.noarch                                          
  perl-Time-Piece-1.31-423.el8_10.x86_64                                        
  perl-URI-1.73-3.el8.noarch                                                    
  perl-Unicode-Collate-1.25-2.el8.x86_64                                        
  perl-Unicode-Normalize-1.25-396.el8.x86_64                                    
  perl-autodie-2.29-396.el8.noarch                                              
  perl-bignum-0.49-2.el8.noarch                                                 
  perl-constant-1.33-396.el8.noarch                                             
  perl-devel-4:5.26.3-423.el8_10.x86_64                                         
  perl-encoding-4:2.22-3.el8.x86_64                                             
  perl-experimental-0.019-2.el8.noarch                                          
  perl-inc-latest-2:0.500-9.el8.noarch                                          
  perl-interpreter-4:5.26.3-423.el8_10.x86_64                                   
  perl-libnet-3.11-3.el8.noarch                                                 
  perl-libnetcfg-4:5.26.3-423.el8_10.noarch                                     
  perl-libs-4:5.26.3-423.el8_10.x86_64                                          
  perl-local-lib-2.000024-2.el8.noarch                                          
  perl-macros-4:5.26.3-423.el8_10.x86_64                                        
  perl-open-1.11-423.el8_10.noarch                                              
  perl-parent-1:0.237-1.el8.noarch                                              
  perl-perlfaq-5.20180605-1.el8.noarch                                          
  perl-podlators-4.11-1.el8.noarch                                              
  perl-srpm-macros-1-25.el8.noarch                                              
  perl-threads-1:2.21-2.el8.x86_64                                              
  perl-threads-shared-1.58-2.el8.x86_64                                         
  perl-utils-5.26.3-423.el8_10.noarch                                           
  perl-version-6:0.99.24-1.el8.x86_64                                           
  python-rpm-macros-3-45.el8.noarch                                             
  python-srpm-macros-3-45.el8.noarch                                            
  python3-pyparsing-2.1.10-7.el8.noarch                                         
  python3-rpm-macros-3-45.el8.noarch                                            
  qt5-srpm-macros-5.15.3-1.el8.noarch                                           
  redhat-rpm-config-131-1.el8.noarch                                            
  rust-srpm-macros-5-2.el8.noarch                                               
  systemtap-sdt-devel-4.9-3.el8.x86_64                                          

Complete!
PowerMTA not installed, installing from local RPM
Preparing...                          ########################################
Updating / installing...
PowerMTA-5.0r6-202010282320           ########################################

PowerMTA has been installed.  Please review the configuration
(in /etc/pmta/config) to ensure it fits your needs.

The PowerMTA User's Guide is available from the Web-based monitor's home page
as well as on the Port25 download site (https://download.port25.com/).



                    *** NOTE ***
gdb is not installed.  Please install it at your earliest convenience,
so that PowerMTA can use it to provide more useful reports in case of problems.
                    *** NOTE ***

Thank you for choosing PowerMTA.

This software requires a license to run.  To obtain a license key,
please contact Port25 at <sales@port25.com> or call +1.410.750.7687
during office hours, U.S. Eastern Time.

If you already received a license key from Port25, please save it
as /etc/pmta/license before starting PowerMTA.


Starting pmtahttp (via systemctl):  [  OK  ]
Installing PMTA license
Stopping PMTA service (if running)
Removing existing /usr/sbin/pmtad (if any)
Copying fresh pmtad to /usr/sbin
Removing existing /usr/sbin/pmtahttpd (if any)
Copying fresh pmtahttpd to /usr/sbin
Preparing PMTA configuration
Validating PMTA configuration
2026-02-02 06:14:17 PowerMTA(TM) v5.0r6 (2020-10-28 23:26:31, 64-bit; v5_0r6@201028.cb6f6d8) starting
2026-02-02 06:14:17 Copyright(c) 1999-2020, Port25 Solutions, Inc.  All Rights Reserved.
2026-02-02 06:14:17 Current time: Mon, 2 Feb 2026 06:14:17 +0000
2026-02-02 06:14:17 OS: Linux 4.18.0-553.16.1.el8_10.x86_64 (Rocky Linux release 8.10 (Green Obsidian))
2026-02-02 06:14:17 glibc v2.28 (stable), NPTL 2.28
2026-02-02 06:14:17 OpenSSL 1.1.1g  21 Apr 2020
2026-02-02 06:14:17 6/6 CPUs (x86_64; Intel Xeon CPU E5-2620 v2 @ 2.10GHz)
2026-02-02 06:14:17 7936 MB memory detected
2026-02-02 06:14:17 Max. opened files: 262144, somaxconn: 2048, max. threads: infinite
2026-02-02 06:14:17 Max. data size: unlimited, max. virtual memory: unlimited
2026-02-02 06:14:17 IP addresses: 192.119.169.10, 192.119.169.119-120, fe80::5054:ff:fea4:2aa0
2026-02-02 06:14:17 Non-IP host names: localhost, localhost.com, tommorrow-loan.com
2026-02-02 06:14:17 Domain suffix: com
2026-02-02 06:14:17 Name servers: 8.8.8.8, 8.8.4.4
2026-02-02 06:14:17 SMTP source IP addresses:
2026-02-02 06:14:17     virtual MTA "{default}": (any local)
2026-02-02 06:14:17 Domain Keys:
2026-02-02 06:14:17     (none configured)
2026-02-02 06:14:17 Priority nice range: min. 15, max. 0
2026-02-02 06:14:17 Use of realtime priorities disabled
2026-02-02 06:14:17 Using license key SKYPE: rony.raskhit
2026-02-02 06:14:17 Spool initialization starting
2026-02-02 06:14:17 Scanning spool directory /var/spool/pmta...
2026-02-02 06:14:17 ...complete! Found 0 files, 0 directories
2026-02-02 06:14:17 Total of 0 files in use
2026-02-02 06:14:17 Maximum number of recipients (based on system resources): 5952000
2026-02-02 06:14:17 Running under user pmta (uid 990); group pmta (gid 986)
2026-02-02 06:14:17 Resolver: 4 dispatchers
2026-02-02 06:14:17 SMTP Listener at :::25 starting
2026-02-02 06:14:17 Using license key SKYPE: rony.raskhit
2026-02-02 06:14:17 Spool initialization complete.
PMTA validation successful
2026-02-02 06:14:22 Shutting down...
2026-02-02 06:14:22 SMTP Listener at :::25 stopped
2026-02-02 06:14:22 Stopping remaining threads...
2026-02-02 06:14:22 Waiting on enqueue...
2026-02-02 06:14:22 ...done
2026-02-02 06:14:22 Shutdown complete.
Reloading systemd and starting PMTA...
 pmta.service - Port25's Message Transfer Agent (MTA)
   Loaded: loaded (/usr/lib/systemd/system/pmta.service; enabled; vendor preset: disabled)
   Active: active (running) since Mon 2026-02-02 06:14:24 UTC; 2s ago
  Process: 11696 ExecStart=/usr/sbin/pmtawatch --start pmtad (code=exited, status=0/SUCCESS)
 Main PID: 11698 (pmtad)
    Tasks: 39 (limit: 49020)
   Memory: 5.2M
   CGroup: /system.slice/pmta.service
           11697 /usr/sbin/pmtawatch --start pmtad
           11698 /usr/sbin/pmtad

Feb 02 06:14:23 tommorrow-loan.com systemd[1]: Starting Port25's Message Transfer Agent (MTA)...
Feb 02 06:14:24 tommorrow-loan.com systemd[1]: pmta.service: Supervising process 11698 which is not our child. We'll most likely not notice when it exits.
Feb 02 06:14:24 tommorrow-loan.com systemd[1]: Started Port25's Message Transfer Agent (MTA).
Configuring Firewall...
Firewalld is installed but not running. Starting it...
success
success
success
success
success
PMTA installation and license setup completed successfully (Outbound Only Node)

STDERR: Synchronizing state of pmta.service with SysV service script with /usr/lib/systemd/systemd-sysv-install.
Executing: /usr/lib/systemd/systemd-sysv-install enable pmta

>>> [STEP:CONFIG] Generating Authoritative Configuration...
--- Ensuring DKIM Keys on Server ---
Uploading /tmp/tmps0d9xwxq.sh to /root/pmta-apply-config.sh...
--- Upload /tmp/tmps0d9xwxq.sh Success ---
--- Apply Configuration ---
Validating Config...
Service Restarted.

>>> [STEP:FINISH] PMTA configuration completed successfully.

>>> [AUDIT] Running Post-Install Compliance Check...
------------------------------------------------------------
IP               Current PTR               Required PTR              Result
------------------------------------------------------------
192.119.169.119  None                      mail.tommorrow-loan.com    PTR update required
192.119.169.120  None                      mail.tommorrow-loan.com    PTR update required
------------------------------------------------------------

IMPORTANT INFRASTRUCTURE AUDIT:
The following IPs do not have the correct PTR record:
IP: 192.119.169.119
Current PTR : None
Required PTR: mail.tommorrow-loan.com (Domain Identity)
Action: Update PTR for 192.119.169.119 -> mail.tommorrow-loan.com

IP: 192.119.169.120
Current PTR : None
Required PTR: mail.tommorrow-loan.com (Domain Identity)
Action: Update PTR for 192.119.169.120 -> mail.tommorrow-loan.com

=== Process Finished ===
